git : From https://gi
thub.com/YvnPretty/cu
rsophpRoldan
En línea: 1 
Carácter: 125
+ ... ppend 
git_setup.log; git 
pull origin main 
--rebase=false 2>&1 
| Out-F ...
+                    
      ~~~~~~~~~~~~~~~
~~~~~~~~~~~~~~~~~~~~~
~~~~
    + CategoryInfo   
           : NotSpe  
  cified: (From ht   
 tps://gi.../curs    
ophpRoldan:Strin    
g) [], RemoteExc    
eption
    + FullyQualified 
   ErrorId : Native  
  CommandError
 
 * branch            
main       -> 
FETCH_HEAD
 * [new branch]      
main       -> 
origin/main
Updating files:  38% 
(16/42)
Updating files:  40% 
(17/42)
Updating files:  42% 
(18/42)
Updating files:  45% 
(19/42)
Updating files:  47% 
(20/42)
Updating files:  50% 
(21/42)
Updating files:  52% 
(22/42)
Updating files:  54% 
(23/42)
Updating files:  57% 
(24/42)
Updating files:  59% 
(25/42)
Updating files:  61% 
(26/42)
Updating files:  64% 
(27/42)
Updating files:  66% 
(28/42)
Updating files:  69% 
(29/42)
Updating files:  71% 
(30/42)
Updating files:  73% 
(31/42)
Updating files:  76% 
(32/42)
Updating files:  78% 
(33/42)
Updating files:  80% 
(34/42)
Updating files:  83% 
(35/42)
Updating files:  85% 
(36/42)
Updating files:  88% 
(37/42)
Updating files:  90% 
(38/42)
Updating files:  92% 
(39/42)
Updating files:  95% 
(40/42)
Updating files:  97% 
(41/42)
Updating files: 100% 
(42/42)
Updating files: 100% 
(42/42), done.
